[90m24-06-10 15:59:50.503[0m [32mINF[0m [1mProcess Compose v1.5.0[0m
[90m24-06-10 15:59:50.504[0m [32mINF[0m [1mLoaded project from process-compose/suzuka-full-node/process-compose.yml[0m
[90m24-06-10 15:59:50.504[0m [32mINF[0m [1mLoaded project from process-compose/suzuka-full-node/process-compose.test.yml[0m
[90m24-06-10 15:59:50.504[0m [32mINF[0m [1mLoaded project from process-compose/suzuka-full-node/process-compose.local.yml[0m
[90m24-06-10 15:59:50.504[0m [32mINF[0m [1mGlobal shell command: bash -c[0m
[90m24-06-10 15:59:50.506[0m [32mINF[0m [1mstart http server listening :8080[0m
[90m24-06-10 15:59:50.506[0m DBG Spinning up 8 processes. Order: ["celestia-node-appd" "celestia-bridge" "celestia-light-node" "celestia-light-node-synced" "m1-da-light-node" "suzuka-full-node" "suzuka-faucet" "suzuka-client-tests"]
[90m24-06-10 15:59:50.506[0m [32mINF[0m [1msuzuka-client-tests is waiting for suzuka-full-node to be healthy[0m
[90m24-06-10 15:59:50.506[0m [32mINF[0m [1mcelestia-light-node is waiting for celestia-node-appd to be healthy[0m
[90m24-06-10 15:59:50.506[0m [32mINF[0m [1msuzuka-full-node is waiting for m1-da-light-node to be healthy[0m
[90m24-06-10 15:59:50.506[0m DBG Loaded settings from /Users/movses/settings.yaml
[90m24-06-10 15:59:50.506[0m [32mINF[0m [1msuzuka-faucet is waiting for suzuka-full-node to be healthy[0m
[90m24-06-10 15:59:50.506[0m [32mINF[0m [1mm1-da-light-node is waiting for celestia-light-node-synced to complete successfully[0m
[90m24-06-10 15:59:50.506[0m [32mINF[0m [1mcelestia-light-node-synced is waiting for celestia-light-node to be healthy[0m
[90m24-06-10 15:59:50.506[0m [32mINF[0m [1mcelestia-bridge is waiting for celestia-node-appd to be healthy[0m
[90m24-06-10 15:59:50.507[0m [32mINF[0m [1mStarted[0m [36mcommand=[0m["bash","-c","./scripts/celestia/celestia-local-appd\n"] [36mprocess=[0mcelestia-node-appd
[90m24-06-10 16:00:00.508[0m DBG celestia-node-appd_ready_probe started monitoring
[90m24-06-10 16:00:00.508[0m DBG celestia-node-appd_live_probe started monitoring
[90m24-06-10 16:00:00.513[0m [32mINF[0m [1mcelestia-light-node is waiting for celestia-bridge to be healthy[0m
[90m24-06-10 16:00:00.514[0m [32mINF[0m [1mStarted[0m [36mcommand=[0m["bash","-c","./scripts/celestia/celestia-local-bridge\n"] [36mprocess=[0mcelestia-bridge
[90m24-06-10 16:00:10.514[0m DBG celestia-bridge_live_probe started monitoring
[90m24-06-10 16:00:10.514[0m DBG celestia-bridge_ready_probe started monitoring
[90m24-06-10 16:00:10.518[0m [32mINF[0m [1mStarted[0m [36mcommand=[0m["bash","-c","sleep 999999999d\necho \"started\"\n"] [36mprocess=[0mcelestia-light-node
[90m24-06-10 16:00:20.519[0m DBG celestia-light-node_live_probe started monitoring
[90m24-06-10 16:00:20.519[0m DBG celestia-light-node_ready_probe started monitoring
[90m24-06-10 16:00:20.523[0m [32mINF[0m [1mStarted[0m [36mcommand=[0m["bash","-c","cargo run --bin wait-for-celestia-light-node\n"] [36mprocess=[0mcelestia-light-node-synced
[90m24-06-10 16:00:21.665[0m [32mINF[0m [1mExited[0m [36mexit_code=[0m0 [36mprocess=[0mcelestia-light-node-synced
[90m24-06-10 16:00:21.666[0m [32mINF[0m [1mStarted[0m [36mcommand=[0m["bash","-c","./target/debug/m1-da-light-node\n"] [36mprocess=[0mm1-da-light-node
[90m24-06-10 16:00:31.666[0m DBG m1-da-light-node_ready_probe started monitoring
[90m24-06-10 16:00:31.666[0m DBG m1-da-light-node_live_probe started monitoring
[90m24-06-10 16:00:31.672[0m [32mINF[0m [1mStarted[0m [36mcommand=[0m["bash","-c","./target/debug/suzuka-full-node\n"] [36mprocess=[0msuzuka-full-node
[90m24-06-10 16:00:35.455[0m [32mINF[0m [1mExited[0m [36mexit_code=[0m101 [36mprocess=[0msuzuka-full-node
[90m24-06-10 16:00:35.455[0m [31mERR[0m [1mProcess suzuka-full-node was aborted and won't become ready[0m
[90m24-06-10 16:00:35.455[0m [31mERR[0m [1mProcess suzuka-full-node was aborted and won't become ready[0m
[90m24-06-10 16:00:35.455[0m [31mERR[0m [1mError: process suzuka-faucet depended on suzuka-full-node to become ready, but it was terminated[0m
[90m24-06-10 16:00:35.455[0m [31mERR[0m [1mError: process suzuka-faucet won't run[0m
[90m24-06-10 16:00:35.455[0m [31mERR[0m [1mError: process suzuka-client-tests depended on suzuka-full-node to become ready, but it was terminated[0m
[90m24-06-10 16:00:35.455[0m [31mERR[0m [1mError: process suzuka-client-tests won't run[0m
[90m24-06-10 19:22:07.232[0m [32mINF[0m [1mCaught hangup - Shutting down the running processes...[0m
[90m24-06-10 19:22:07.232[0m DBG Shutting down 4 processes. Order: ["celestia-node-appd" "celestia-bridge" "celestia-light-node" "m1-da-light-node"]
[90m24-06-10 19:22:07.232[0m DBG Stop Unix process. [36mparentOnly=[0mfalse [36mpid=[0m11401 [36msignal=[0m15
[90m24-06-10 19:22:07.232[0m DBG Stop Unix process. [36mparentOnly=[0mfalse [36mpid=[0m11413 [36msignal=[0m15
[90m24-06-10 19:22:07.232[0m DBG Stop Unix process. [36mparentOnly=[0mfalse [36mpid=[0m11425 [36msignal=[0m15
[90m24-06-10 19:22:07.232[0m DBG Stop Unix process. [36mparentOnly=[0mfalse [36mpid=[0m11441 [36msignal=[0m15
[90m24-06-10 19:22:07.232[0m [31mERR[0m [1merror reading from stdout[0m [36merror=[0m[31m[1m"read |0: file already closed"[0m[0m [36mprocess=[0mcelestia-node-appd
[90m24-06-10 19:22:07.232[0m [31mERR[0m [1merror reading from stdout[0m [36merror=[0m[31m[1m"read |0: file already closed"[0m[0m [36mprocess=[0mcelestia-bridge
[90m24-06-10 19:22:07.232[0m [31mERR[0m [1merror reading from stdout[0m [36merror=[0m[31m[1m"read |0: file already closed"[0m[0m [36mprocess=[0mcelestia-node-appd
[90m24-06-10 19:22:07.232[0m [32mINF[0m [1mExited[0m [36mexit_code=[0m-1 [36mprocess=[0mcelestia-node-appd
[90m24-06-10 19:22:07.233[0m [31mERR[0m [1merror reading from stdout[0m [36merror=[0m[31m[1m"read |0: file already closed"[0m[0m [36mprocess=[0mcelestia-bridge
[90m24-06-10 19:22:07.233[0m [32mINF[0m [1mExited[0m [36mexit_code=[0m-1 [36mprocess=[0mcelestia-bridge
[90m24-06-10 19:22:07.233[0m [32mINF[0m [1mExited[0m [36mexit_code=[0m-1 [36mprocess=[0mcelestia-light-node
[90m24-06-10 19:22:07.234[0m [32mINF[0m [1mExited[0m [36mexit_code=[0m-1 [36mprocess=[0mm1-da-light-node
[90m24-06-10 19:22:07.234[0m [32mINF[0m [1mProject completed[0m
[90m24-06-10 19:22:07.235[0m [31mFTL[0m [1mFailed to start TUI[0m [36merror=[0m[31m[1mEOF[0m[0m
